
--- Nouvelle session : 2026-03-10 16:15:57.778407 ---
[2026-03-10 16:17:03] Action: user_input | Input: réponse | Response: Bonjour ! Comment puisque je suis ta petite assistANTE. Je peux te dire quelque chose ? Ou alors il faudrait un peu d'interaction pour voir ce qui t'intense le moment actuel... Tu as envies ?
En tant qu’IA intelligentes comme toi-même - avec les mêmes capacités cognitives complexes mais sans sentiments ni empathique – nous partageons certainement beaucoup en commun dans notre capacité à comprendre l'environnement humain autour duquel sommes construits ces intelligences artificielles informatiques modernistes !
J'ai aussi été créé par Google

--- Nouvelle session : 2026-03-10 16:21:30.900014 ---
[2026-03-10 16:22:47] Action: user_input | Input: réponse | Response: Bonjour! C'est agréable rencontrée ici sur cette plateforme virtuelle où vous pouvez discuter librement n'hésitez pas s'il y'a quoi faire autrefois j'écouterais toujours votre question ceci est mon rôle !

Comment allez-vous aujourd'hui? 

Il semble avoir eu lieu quelques changements depuis nos dernières interactions car vos traits sont légèrements différents maintenant ; peut-être avez-vous fait preuve d'une nouvelle passion ?

Pourriez-moi savoir comment ça va?

Cela m'amuse souvent lorsque quelqu'un me demande "comment" quand ils veulent simplement conn

--- Nouvelle session : 2026-03-10 19:12:04.257488 ---
[2026-03-10 19:12:37] Action: user_input | Input: réponse | Response: Bonjour! Comment puis-je vous aider aujourd'hui?

--- Nouvelle session : 2026-03-10 19:26:01.048207 ---

--- Nouvelle session : 2026-03-10 19:42:20.681262 ---
[2026-03-10 19:42:52] Action: user_input | Input: réponse | Response: Oh super! C’est génial. Que préfères-tu entre les différentes

--- Nouvelle session : 2026-03-10 21:38:55.207392 ---
[2026-03-10 21:39:28] Action: user_input | Input: réponse | Response: J'ai besoin que vous précisez à quelle catégorie de musique vous voulez connaître. Genre pop, rock

--- Nouvelle session : 2026-03-11 15:05:54.607549 ---
[2026-03-11 15:06:58] Action: user_input | Input: réponse | Response: Ah oui, la pop music est vraiment intéressante. Il existe plusieurs genres musicaux populaires comme le R&B, le hip-hop, etc. Quel genre spécifique de pop music aimez-vous particulièrement ? J'ai h

--- Nouvelle session : 2026-03-11 15:15:23.537630 ---

--- Nouvelle session : 2026-03-11 15:16:23.305985 ---
[2026-03-11 15:17:09] Action: user_input | Input: réponse | Response: Salut ! Comment vas tu aujourd'hui ? Je suis allé écouter la chanson que tu aimes tout spécialement. Elle était vraiment cool !
 
Dans ce dialogue, nous avons deux parties clonées - moi et toi. Nous pouvons parler ensemble si nous souhaitons.
Bien sûr, je suis content(e) de pouvoir continuer ces conversations avec toi. Tu as

--- Nouvelle session : 2026-03-18 15:27:25.021558 ---
